[2025-05-22T23:39:33.099] [DEBUG] debug-file - env: nodejsVersion=v18.20.1
[2025-05-22T23:39:33.332] [DEBUG] debug-file - Hvigor init with startParameters:{
  hvigorfileTypeCheck: false,
  parallelExecution: true,
  incrementalExecution: true,
  printStackTrace: false,
  daemon: false,
  analyze: 0,
  logLevel: Level { level: 20000, levelStr: 'INFO', colour: 'green' }
}
[2025-05-22T23:39:33.338] [DEBUG] debug-file - hvigorfile, resolving /Users/zhuanz1/Documents/2025hongmeng/2025-hongmeng/hvigorfile.ts
[2025-05-22T23:39:34.042] [DEBUG] debug-file - hvigorfile, require result:  { default: { system: [Function: appTasks], plugins: [] } }
[2025-05-22T23:39:34.150] [DEBUG] debug-file - Start initialize project's product build option map with build mode debug.
[2025-05-22T23:39:34.155] [DEBUG] debug-file - Product 'default' using build option: {
  "debuggable": true,
  "strictMode": {
    "caseSensitiveCheck": true,
    "useNormalizedOHMUrl": true
  }
} in this build.
[2025-05-22T23:39:34.162] [DEBUG] debug-file - Local scan or download HarmonyOS sdk components toolchains,ets,js,native,previewer
[2025-05-22T23:39:34.164] [DEBUG] debug-file - Local scan or download hmscore sdk components toolchains,ets,native
[2025-05-22T23:39:34.166] [DEBUG] debug-file - Start recording SDK configuration permission data.
[2025-05-22T23:39:34.187] [DEBUG] debug-file - Sdk init in 27 ms 
[2025-05-22T23:39:34.196] [DEBUG] debug-file - Project task initialization takes 8 ms 
[2025-05-22T23:39:34.198] [DEBUG] debug-file - hvigorfile, resolving /Users/zhuanz1/Documents/2025hongmeng/2025-hongmeng/entry/hvigorfile.ts
[2025-05-22T23:39:34.208] [DEBUG] debug-file - Start initialize module-target build option map, moduleName=entry, buildMode=debug
[2025-05-22T23:39:34.222] [DEBUG] debug-file - Configuration task cost before running: 900 ms 
[2025-05-22T23:39:34.213] [DEBUG] debug-file - project has submodules:entry
[2025-05-22T23:39:34.212] [DEBUG] debug-file - Module entry task initialization takes 2 ms 
[2025-05-22T23:39:34.225] [DEBUG] debug-file - entry : clean cost memory 0.22283172607421875
[2025-05-22T23:39:34.229] [DEBUG] debug-file - Module 'entry' target 'default' using build option: {
  "debuggable": true,
  "copyFrom": "default",
  "strictMode": {
    "caseSensitiveCheck": true,
    "useNormalizedOHMUrl": true
  },
  "name": "debug"
} in this build.
[2025-05-22T23:39:34.223] [DEBUG] debug-file - Executing task :entry:clean
[2025-05-22T23:39:33.100] [DEBUG] debug-file - env: hvigor-config.json5 content = {
  modelVersion: '5.0.5',
  dependencies: {},
  execution: {},
  logging: {},
  debugging: {},
  nodeOptions: {}
}
[2025-05-22T23:39:33.332] [DEBUG] debug-file - Since current hvigor version 5.17.2 differs from last hvigor version 
      undefined, delete file-cache.json and task-cache.json.
[2025-05-22T23:39:34.042] [DEBUG] debug-file - hvigorfile, binding system plugins [Function: appTasks]
[2025-05-22T23:39:34.150] [DEBUG] debug-file - Picking option from product 'default' with build mode 'debug'.
[2025-05-22T23:39:34.160] [DEBUG] debug-file - No signingConfig found, initRemoteHspCache failed.
[2025-05-22T23:39:34.240] [DEBUG] debug-file - Create  resident worker with id: 0.
[2025-05-22T23:39:34.196] [DEBUG] debug-file - hvigorfile, binding custom plugins []
[2025-05-22T23:39:34.202] [DEBUG] debug-file - hvigorfile, require result:  { default: { system: [Function: hapTasks], plugins: [] } }
[2025-05-22T23:39:34.208] [DEBUG] debug-file - Target 'default' config: {}
[2025-05-22T23:39:34.213] [DEBUG] debug-file - start to load updatedOhPackageInfo to the disk
[2025-05-22T23:39:34.212] [DEBUG] debug-file - hvigorfile, binding custom plugins []
[2025-05-22T23:39:34.225] [DEBUG] debug-file - runTaskFromQueue task cost before running: 903 ms 
[2025-05-22T23:39:34.231] [DEBUG] debug-file - Module 'entry' target 'ohosTest' using build option: {
  "debuggable": true,
  "strictMode": {
    "caseSensitiveCheck": true,
    "useNormalizedOHMUrl": true
  },
  "name": "default"
} in this build.
[2025-05-22T23:39:34.224] [DEBUG] debug-file - clean: Worker pool is inactive.
[2025-05-22T23:39:33.101] [DEBUG] debug-file - env: daemon=false
[2025-05-22T23:39:33.333] [DEBUG] debug-file - Cache service initialization finished in 1 ms 
[2025-05-22T23:39:34.151] [DEBUG] debug-file - Product 'default' build option: {}
[2025-05-22T23:39:34.241] [DEBUG] debug-file - Create  resident worker with id: 1.
[2025-05-22T23:39:34.196] [DEBUG] debug-file - hvigorfile, no custom plugins were found in /Users/zhuanz1/Documents/2025hongmeng/2025-hongmeng/hvigorfile.ts
[2025-05-22T23:39:34.202] [DEBUG] debug-file - hvigorfile, binding system plugins [Function: hapTasks]
[2025-05-22T23:39:34.208] [DEBUG] debug-file - Target 'ohosTest' config: {}
[2025-05-22T23:39:34.214] [DEBUG] debug-file - load to the disk finished
[2025-05-22T23:39:34.212] [DEBUG] debug-file - hvigorfile, no custom plugins were found in /Users/zhuanz1/Documents/2025hongmeng/2025-hongmeng/entry/hvigorfile.ts
[2025-05-22T23:39:34.225] [INFO] debug-file - Finished :entry:clean... after 2 ms 
[2025-05-22T23:39:34.238] [DEBUG] debug-file - Since there is no instance or instance is terminated, create a new worker pool.
[2025-05-22T23:39:33.101] [DEBUG] debug-file - no-daemon, use the parent process.execArgv --max-old-space-size=8192,--expose-gc
[2025-05-22T23:39:34.151] [DEBUG] debug-file - End initialize project's product build option map with build mode 'debug'.
[2025-05-22T23:39:34.242] [DEBUG] debug-file - Current worker pool is stopped or closed.
[2025-05-22T23:39:34.196] [DEBUG] debug-file - hvigorfile, resolve finished /Users/zhuanz1/Documents/2025hongmeng/2025-hongmeng/hvigorfile.ts
[2025-05-22T23:39:34.209] [DEBUG] debug-file - Module 'entry' target 'default' build option: {
  "debuggable": true,
  "copyFrom": "default",
  "strictMode": {
    "caseSensitiveCheck": true,
    "useNormalizedOHMUrl": true
  },
  "name": "debug"
}
[2025-05-22T23:39:34.215] [DEBUG] debug-file - Start to initialize dependency information.
[2025-05-22T23:39:34.212] [DEBUG] debug-file - hvigorfile, resolve finished /Users/zhuanz1/Documents/2025hongmeng/2025-hongmeng/entry/hvigorfile.ts
[2025-05-22T23:39:34.226] [DEBUG] debug-file - Executing task ::clean
[2025-05-22T23:39:34.238] [DEBUG] debug-file - Worker pool is initialized with config:  {
  minPoolNum: 2,
  maxPoolNum: undefined,
  maxCoreSize: undefined,
  cacheCapacity: undefined,
  cacheTtl: undefined
}
[2025-05-22T23:39:34.242] [DEBUG] debug-file - Clear worker 0.
[2025-05-22T23:39:34.209] [DEBUG] debug-file - Module 'entry' target 'ohosTest' build option: {
  "debuggable": true,
  "strictMode": {
    "caseSensitiveCheck": true,
    "useNormalizedOHMUrl": true
  },
  "name": "default"
}
[2025-05-22T23:39:34.217] [DEBUG] debug-file - Module 2025-hongmeng Collected Dependency: 
[2025-05-22T23:39:34.226] [DEBUG] debug-file - clean: Worker pool is inactive.
[2025-05-22T23:39:34.242] [DEBUG] debug-file - Worker 0 has been cleared.
[2025-05-22T23:39:34.209] [DEBUG] debug-file - End initialize module-target build option map, moduleName=entry
[2025-05-22T23:39:34.217] [DEBUG] debug-file - Module 2025-hongmeng's total dependency: 0
[2025-05-22T23:39:34.226] [DEBUG] debug-file - 2025-hongmeng : clean cost memory 0.02739715576171875
[2025-05-22T23:39:34.242] [DEBUG] debug-file - Current idle worker size: 1.
[2025-05-22T23:39:34.209] [DEBUG] debug-file - Module 'entry' target 'default' using build option: {
  "debuggable": true,
  "copyFrom": "default",
  "strictMode": {
    "caseSensitiveCheck": true,
    "useNormalizedOHMUrl": true
  },
  "name": "debug"
} in this build.
[2025-05-22T23:39:34.218] [DEBUG] debug-file - Start to initialize dependency information.
[2025-05-22T23:39:34.226] [DEBUG] debug-file - runTaskFromQueue task cost before running: 904 ms 
[2025-05-22T23:39:34.242] [DEBUG] debug-file - Current busy worker size: 0.
[2025-05-22T23:39:34.218] [DEBUG] debug-file - Module entry Collected Dependency: 
[2025-05-22T23:39:34.226] [INFO] debug-file - Finished ::clean... after 1 ms 
[2025-05-22T23:39:34.242] [DEBUG] debug-file - Clear worker 1.
[2025-05-22T23:39:34.218] [DEBUG] debug-file - Module entry's total dependency: 0
[2025-05-22T23:39:34.242] [DEBUG] debug-file - Worker 1 has been cleared.
[2025-05-22T23:39:34.226] [DEBUG] debug-file - Executing task :entry:init
[2025-05-22T23:39:34.221] [DEBUG] debug-file - Configuration phase cost:887 ms 
[2025-05-22T23:39:34.242] [DEBUG] debug-file - Current idle worker size: 0.
[2025-05-22T23:39:34.226] [DEBUG] debug-file - entry : init cost memory 0.0101776123046875
[2025-05-22T23:39:34.242] [DEBUG] debug-file - Current busy worker size: 0.
[2025-05-22T23:39:34.226] [DEBUG] debug-file - runTaskFromQueue task cost before running: 904 ms 
[2025-05-22T23:39:34.242] [DEBUG] debug-file - hvigor build process will be closed.
[2025-05-22T23:39:34.226] [INFO] debug-file - Finished :entry:init... after 1 ms 
[2025-05-22T23:39:34.246] [DEBUG] debug-file - worker[0] exits with exit code 0.
[2025-05-22T23:39:34.226] [DEBUG] debug-file - Executing task ::init
[2025-05-22T23:39:34.246] [DEBUG] debug-file - worker[1] exits with exit code 0.
[2025-05-22T23:39:34.226] [DEBUG] debug-file - 2025-hongmeng : init cost memory 0.00894927978515625
[2025-05-22T23:39:34.247] [DEBUG] debug-file - Current worker pool is terminated.
[2025-05-22T23:39:34.226] [DEBUG] debug-file - runTaskFromQueue task cost before running: 904 ms 
[2025-05-22T23:39:34.226] [INFO] debug-file - Finished ::init... after 1 ms 
